18:21:33 **** Clean-only build of configuration Debug for project PWMTest ****
make -j8 clean 
rm -rf *
 
18:21:34 **** Build of configuration Debug for project PWMTest ****
make -j8 all 
arm-none-eabi-gcc "../Drivers/STM32F7xx_HAL_Driver/Src/stm32f7xx_hal.c" -mcpu=cortex-m7 -std=gnu11 -g3 -DUSE_HAL_DRIVER -DSTM32F767xx -DDEBUG -c -I../Core/Inc -I../Drivers/STM32F7xx_HAL_Driver/Inc -I../Drivers/STM32F7xx_HAL_Driver/Inc/Legacy -I../Drivers/CMSIS/Device/ST/STM32F7xx/Include -I../Drivers/CMSIS/Include -O0 -ffunction-sections -fdata-sections -Wall -fstack-usage -MMD -MP -MF"Drivers/STM32F7xx_HAL_Driver/Src/stm32f7xx_hal.d" -MT"Drivers/STM32F7xx_HAL_Driver/Src/stm32f7xx_hal.o" --specs=nano.specs -mfpu=fpv5-d16 -mfloat-abi=hard -mthumb -o "Drivers/STM32F7xx_HAL_Driver/Src/stm32f7xx_hal.o"
arm-none-eabi-gcc "../Drivers/STM32F7xx_HAL_Driver/Src/stm32f7xx_hal_cortex.c" -mcpu=cortex-m7 -std=gnu11 -g3 -DUSE_HAL_DRIVER -DSTM32F767xx -DDEBUG -c -I../Core/Inc -I../Drivers/STM32F7xx_HAL_Driver/Inc -I../Drivers/STM32F7xx_HAL_Driver/Inc/Legacy -I../Drivers/CMSIS/Device/ST/STM32F7xx/Include -I../Drivers/CMSIS/Include -O0 -ffunction-sections -fdata-sections -Wall -fstack-usage -MMD -MP -MF"Drivers/STM32F7xx_HAL_Driver/Src/stm32f7xx_hal_cortex.d" -MT"Drivers/STM32F7xx_HAL_Driver/Src/stm32f7xx_hal_cortex.o" --specs=nano.specs -mfpu=fpv5-d16 -mfloat-abi=hard -mthumb -o "Drivers/STM32F7xx_HAL_Driver/Src/stm32f7xx_hal_cortex.o"
arm-none-eabi-gcc "../Drivers/STM32F7xx_HAL_Driver/Src/stm32f7xx_hal_dma.c" -mcpu=cortex-m7 -std=gnu11 -g3 -DUSE_HAL_DRIVER -DSTM32F767xx -DDEBUG -c -I../Core/Inc -I../Drivers/STM32F7xx_HAL_Driver/Inc -I../Drivers/STM32F7xx_HAL_Driver/Inc/Legacy -I../Drivers/CMSIS/Device/ST/STM32F7xx/Include -I../Drivers/CMSIS/Include -O0 -ffunction-sections -fdata-sections -Wall -fstack-usage -MMD -MP -MF"Drivers/STM32F7xx_HAL_Driver/Src/stm32f7xx_hal_dma.d" -MT"Drivers/STM32F7xx_HAL_Driver/Src/stm32f7xx_hal_dma.o" --specs=nano.specs -mfpu=fpv5-d16 -mfloat-abi=hard -mthumb -o "Drivers/STM32F7xx_HAL_Driver/Src/stm32f7xx_hal_dma.o"
arm-none-eabi-gcc "../Drivers/STM32F7xx_HAL_Driver/Src/stm32f7xx_hal_dma_ex.c" -mcpu=cortex-m7 -std=gnu11 -g3 -DUSE_HAL_DRIVER -DSTM32F767xx -DDEBUG -c -I../Core/Inc -I../Drivers/STM32F7xx_HAL_Driver/Inc -I../Drivers/STM32F7xx_HAL_Driver/Inc/Legacy -I../Drivers/CMSIS/Device/ST/STM32F7xx/Include -I../Drivers/CMSIS/Include -O0 -ffunction-sections -fdata-sections -Wall -fstack-usage -MMD -MP -MF"Drivers/STM32F7xx_HAL_Driver/Src/stm32f7xx_hal_dma_ex.d" -MT"Drivers/STM32F7xx_HAL_Driver/Src/stm32f7xx_hal_dma_ex.o" --specs=nano.specs -mfpu=fpv5-d16 -mfloat-abi=hard -mthumb -o "Drivers/STM32F7xx_HAL_Driver/Src/stm32f7xx_hal_dma_ex.o"
arm-none-eabi-gcc "../Drivers/STM32F7xx_HAL_Driver/Src/stm32f7xx_hal_exti.c" -mcpu=cortex-m7 -std=gnu11 -g3 -DUSE_HAL_DRIVER -DSTM32F767xx -DDEBUG -c -I../Core/Inc -I../Drivers/STM32F7xx_HAL_Driver/Inc -I../Drivers/STM32F7xx_HAL_Driver/Inc/Legacy -I../Drivers/CMSIS/Device/ST/STM32F7xx/Include -I../Drivers/CMSIS/Include -O0 -ffunction-sections -fdata-sections -Wall -fstack-usage -MMD -MP -MF"Drivers/STM32F7xx_HAL_Driver/Src/stm32f7xx_hal_exti.d" -MT"Drivers/STM32F7xx_HAL_Driver/Src/stm32f7xx_hal_exti.o" --specs=nano.specs -mfpu=fpv5-d16 -mfloat-abi=hard -mthumb -o "Drivers/STM32F7xx_HAL_Driver/Src/stm32f7xx_hal_exti.o"
arm-none-eabi-gcc "../Drivers/STM32F7xx_HAL_Driver/Src/stm32f7xx_hal_flash.c" -mcpu=cortex-m7 -std=gnu11 -g3 -DUSE_HAL_DRIVER -DSTM32F767xx -DDEBUG -c -I../Core/Inc -I../Drivers/STM32F7xx_HAL_Driver/Inc -I../Drivers/STM32F7xx_HAL_Driver/Inc/Legacy -I../Drivers/CMSIS/Device/ST/STM32F7xx/Include -I../Drivers/CMSIS/Include -O0 -ffunction-sections -fdata-sections -Wall -fstack-usage -MMD -MP -MF"Drivers/STM32F7xx_HAL_Driver/Src/stm32f7xx_hal_flash.d" -MT"Drivers/STM32F7xx_HAL_Driver/Src/stm32f7xx_hal_flash.o" --specs=nano.specs -mfpu=fpv5-d16 -mfloat-abi=hard -mthumb -o "Drivers/STM32F7xx_HAL_Driver/Src/stm32f7xx_hal_flash.o"
arm-none-eabi-gcc "../Drivers/STM32F7xx_HAL_Driver/Src/stm32f7xx_hal_flash_ex.c" -mcpu=cortex-m7 -std=gnu11 -g3 -DUSE_HAL_DRIVER -DSTM32F767xx -DDEBUG -c -I../Core/Inc -I../Drivers/STM32F7xx_HAL_Driver/Inc -I../Drivers/STM32F7xx_HAL_Driver/Inc/Legacy -I../Drivers/CMSIS/Device/ST/STM32F7xx/Include -I../Drivers/CMSIS/Include -O0 -ffunction-sections -fdata-sections -Wall -fstack-usage -MMD -MP -MF"Drivers/STM32F7xx_HAL_Driver/Src/stm32f7xx_hal_flash_ex.d" -MT"Drivers/STM32F7xx_HAL_Driver/Src/stm32f7xx_hal_flash_ex.o" --specs=nano.specs -mfpu=fpv5-d16 -mfloat-abi=hard -mthumb -o "Drivers/STM32F7xx_HAL_Driver/Src/stm32f7xx_hal_flash_ex.o"
arm-none-eabi-gcc "../Drivers/STM32F7xx_HAL_Driver/Src/stm32f7xx_hal_gpio.c" -mcpu=cortex-m7 -std=gnu11 -g3 -DUSE_HAL_DRIVER -DSTM32F767xx -DDEBUG -c -I../Core/Inc -I../Drivers/STM32F7xx_HAL_Driver/Inc -I../Drivers/STM32F7xx_HAL_Driver/Inc/Legacy -I../Drivers/CMSIS/Device/ST/STM32F7xx/Include -I../Drivers/CMSIS/Include -O0 -ffunction-sections -fdata-sections -Wall -fstack-usage -MMD -MP -MF"Drivers/STM32F7xx_HAL_Driver/Src/stm32f7xx_hal_gpio.d" -MT"Drivers/STM32F7xx_HAL_Driver/Src/stm32f7xx_hal_gpio.o" --specs=nano.specs -mfpu=fpv5-d16 -mfloat-abi=hard -mthumb -o "Drivers/STM32F7xx_HAL_Driver/Src/stm32f7xx_hal_gpio.o"
arm-none-eabi-gcc "../Drivers/STM32F7xx_HAL_Driver/Src/stm32f7xx_hal_i2c.c" -mcpu=cortex-m7 -std=gnu11 -g3 -DUSE_HAL_DRIVER -DSTM32F767xx -DDEBUG -c -I../Core/Inc -I../Drivers/STM32F7xx_HAL_Driver/Inc -I../Drivers/STM32F7xx_HAL_Driver/Inc/Legacy -I../Drivers/CMSIS/Device/ST/STM32F7xx/Include -I../Drivers/CMSIS/Include -O0 -ffunction-sections -fdata-sections -Wall -fstack-usage -MMD -MP -MF"Drivers/STM32F7xx_HAL_Driver/Src/stm32f7xx_hal_i2c.d" -MT"Drivers/STM32F7xx_HAL_Driver/Src/stm32f7xx_hal_i2c.o" --specs=nano.specs -mfpu=fpv5-d16 -mfloat-abi=hard -mthumb -o "Drivers/STM32F7xx_HAL_Driver/Src/stm32f7xx_hal_i2c.o"
arm-none-eabi-gcc "../Drivers/STM32F7xx_HAL_Driver/Src/stm32f7xx_hal_i2c_ex.c" -mcpu=cortex-m7 -std=gnu11 -g3 -DUSE_HAL_DRIVER -DSTM32F767xx -DDEBUG -c -I../Core/Inc -I../Drivers/STM32F7xx_HAL_Driver/Inc -I../Drivers/STM32F7xx_HAL_Driver/Inc/Legacy -I../Drivers/CMSIS/Device/ST/STM32F7xx/Include -I../Drivers/CMSIS/Include -O0 -ffunction-sections -fdata-sections -Wall -fstack-usage -MMD -MP -MF"Drivers/STM32F7xx_HAL_Driver/Src/stm32f7xx_hal_i2c_ex.d" -MT"Drivers/STM32F7xx_HAL_Driver/Src/stm32f7xx_hal_i2c_ex.o" --specs=nano.specs -mfpu=fpv5-d16 -mfloat-abi=hard -mthumb -o "Drivers/STM32F7xx_HAL_Driver/Src/stm32f7xx_hal_i2c_ex.o"
arm-none-eabi-gcc "../Drivers/STM32F7xx_HAL_Driver/Src/stm32f7xx_hal_pwr.c" -mcpu=cortex-m7 -std=gnu11 -g3 -DUSE_HAL_DRIVER -DSTM32F767xx -DDEBUG -c -I../Core/Inc -I../Drivers/STM32F7xx_HAL_Driver/Inc -I../Drivers/STM32F7xx_HAL_Driver/Inc/Legacy -I../Drivers/CMSIS/Device/ST/STM32F7xx/Include -I../Drivers/CMSIS/Include -O0 -ffunction-sections -fdata-sections -Wall -fstack-usage -MMD -MP -MF"Drivers/STM32F7xx_HAL_Driver/Src/stm32f7xx_hal_pwr.d" -MT"Drivers/STM32F7xx_HAL_Driver/Src/stm32f7xx_hal_pwr.o" --specs=nano.specs -mfpu=fpv5-d16 -mfloat-abi=hard -mthumb -o "Drivers/STM32F7xx_HAL_Driver/Src/stm32f7xx_hal_pwr.o"
arm-none-eabi-gcc "../Drivers/STM32F7xx_HAL_Driver/Src/stm32f7xx_hal_pwr_ex.c" -mcpu=cortex-m7 -std=gnu11 -g3 -DUSE_HAL_DRIVER -DSTM32F767xx -DDEBUG -c -I../Core/Inc -I../Drivers/STM32F7xx_HAL_Driver/Inc -I../Drivers/STM32F7xx_HAL_Driver/Inc/Legacy -I../Drivers/CMSIS/Device/ST/STM32F7xx/Include -I../Drivers/CMSIS/Include -O0 -ffunction-sections -fdata-sections -Wall -fstack-usage -MMD -MP -MF"Drivers/STM32F7xx_HAL_Driver/Src/stm32f7xx_hal_pwr_ex.d" -MT"Drivers/STM32F7xx_HAL_Driver/Src/stm32f7xx_hal_pwr_ex.o" --specs=nano.specs -mfpu=fpv5-d16 -mfloat-abi=hard -mthumb -o "Drivers/STM32F7xx_HAL_Driver/Src/stm32f7xx_hal_pwr_ex.o"
arm-none-eabi-gcc "../Drivers/STM32F7xx_HAL_Driver/Src/stm32f7xx_hal_rcc.c" -mcpu=cortex-m7 -std=gnu11 -g3 -DUSE_HAL_DRIVER -DSTM32F767xx -DDEBUG -c -I../Core/Inc -I../Drivers/STM32F7xx_HAL_Driver/Inc -I../Drivers/STM32F7xx_HAL_Driver/Inc/Legacy -I../Drivers/CMSIS/Device/ST/STM32F7xx/Include -I../Drivers/CMSIS/Include -O0 -ffunction-sections -fdata-sections -Wall -fstack-usage -MMD -MP -MF"Drivers/STM32F7xx_HAL_Driver/Src/stm32f7xx_hal_rcc.d" -MT"Drivers/STM32F7xx_HAL_Driver/Src/stm32f7xx_hal_rcc.o" --specs=nano.specs -mfpu=fpv5-d16 -mfloat-abi=hard -mthumb -o "Drivers/STM32F7xx_HAL_Driver/Src/stm32f7xx_hal_rcc.o"
arm-none-eabi-gcc "../Drivers/STM32F7xx_HAL_Driver/Src/stm32f7xx_hal_rcc_ex.c" -mcpu=cortex-m7 -std=gnu11 -g3 -DUSE_HAL_DRIVER -DSTM32F767xx -DDEBUG -c -I../Core/Inc -I../Drivers/STM32F7xx_HAL_Driver/Inc -I../Drivers/STM32F7xx_HAL_Driver/Inc/Legacy -I../Drivers/CMSIS/Device/ST/STM32F7xx/Include -I../Drivers/CMSIS/Include -O0 -ffunction-sections -fdata-sections -Wall -fstack-usage -MMD -MP -MF"Drivers/STM32F7xx_HAL_Driver/Src/stm32f7xx_hal_rcc_ex.d" -MT"Drivers/STM32F7xx_HAL_Driver/Src/stm32f7xx_hal_rcc_ex.o" --specs=nano.specs -mfpu=fpv5-d16 -mfloat-abi=hard -mthumb -o "Drivers/STM32F7xx_HAL_Driver/Src/stm32f7xx_hal_rcc_ex.o"
arm-none-eabi-gcc "../Drivers/STM32F7xx_HAL_Driver/Src/stm32f7xx_hal_tim.c" -mcpu=cortex-m7 -std=gnu11 -g3 -DUSE_HAL_DRIVER -DSTM32F767xx -DDEBUG -c -I../Core/Inc -I../Drivers/STM32F7xx_HAL_Driver/Inc -I../Drivers/STM32F7xx_HAL_Driver/Inc/Legacy -I../Drivers/CMSIS/Device/ST/STM32F7xx/Include -I../Drivers/CMSIS/Include -O0 -ffunction-sections -fdata-sections -Wall -fstack-usage -MMD -MP -MF"Drivers/STM32F7xx_HAL_Driver/Src/stm32f7xx_hal_tim.d" -MT"Drivers/STM32F7xx_HAL_Driver/Src/stm32f7xx_hal_tim.o" --specs=nano.specs -mfpu=fpv5-d16 -mfloat-abi=hard -mthumb -o "Drivers/STM32F7xx_HAL_Driver/Src/stm32f7xx_hal_tim.o"
arm-none-eabi-gcc "../Drivers/STM32F7xx_HAL_Driver/Src/stm32f7xx_hal_tim_ex.c" -mcpu=cortex-m7 -std=gnu11 -g3 -DUSE_HAL_DRIVER -DSTM32F767xx -DDEBUG -c -I../Core/Inc -I../Drivers/STM32F7xx_HAL_Driver/Inc -I../Drivers/STM32F7xx_HAL_Driver/Inc/Legacy -I../Drivers/CMSIS/Device/ST/STM32F7xx/Include -I../Drivers/CMSIS/Include -O0 -ffunction-sections -fdata-sections -Wall -fstack-usage -MMD -MP -MF"Drivers/STM32F7xx_HAL_Driver/Src/stm32f7xx_hal_tim_ex.d" -MT"Drivers/STM32F7xx_HAL_Driver/Src/stm32f7xx_hal_tim_ex.o" --specs=nano.specs -mfpu=fpv5-d16 -mfloat-abi=hard -mthumb -o "Drivers/STM32F7xx_HAL_Driver/Src/stm32f7xx_hal_tim_ex.o"
arm-none-eabi-gcc -mcpu=cortex-m7 -g3 -c -x assembler-with-cpp -MMD -MP -MF"Core/Startup/startup_stm32f767zitx.d" -MT"Core/Startup/startup_stm32f767zitx.o" --specs=nano.specs -mfpu=fpv5-d16 -mfloat-abi=hard -mthumb -o "Core/Startup/startup_stm32f767zitx.o" "../Core/Startup/startup_stm32f767zitx.s"
arm-none-eabi-gcc "../Core/Src/main.c" -mcpu=cortex-m7 -std=gnu11 -g3 -DUSE_HAL_DRIVER -DSTM32F767xx -DDEBUG -c -I../Core/Inc -I../Drivers/STM32F7xx_HAL_Driver/Inc -I../Drivers/STM32F7xx_HAL_Driver/Inc/Legacy -I../Drivers/CMSIS/Device/ST/STM32F7xx/Include -I../Drivers/CMSIS/Include -O0 -ffunction-sections -fdata-sections -Wall -fstack-usage -MMD -MP -MF"Core/Src/main.d" -MT"Core/Src/main.o" --specs=nano.specs -mfpu=fpv5-d16 -mfloat-abi=hard -mthumb -o "Core/Src/main.o"
arm-none-eabi-gcc "../Core/Src/stm32f7xx_hal_msp.c" -mcpu=cortex-m7 -std=gnu11 -g3 -DUSE_HAL_DRIVER -DSTM32F767xx -DDEBUG -c -I../Core/Inc -I../Drivers/STM32F7xx_HAL_Driver/Inc -I../Drivers/STM32F7xx_HAL_Driver/Inc/Legacy -I../Drivers/CMSIS/Device/ST/STM32F7xx/Include -I../Drivers/CMSIS/Include -O0 -ffunction-sections -fdata-sections -Wall -fstack-usage -MMD -MP -MF"Core/Src/stm32f7xx_hal_msp.d" -MT"Core/Src/stm32f7xx_hal_msp.o" --specs=nano.specs -mfpu=fpv5-d16 -mfloat-abi=hard -mthumb -o "Core/Src/stm32f7xx_hal_msp.o"
arm-none-eabi-gcc "../Core/Src/stm32f7xx_it.c" -mcpu=cortex-m7 -std=gnu11 -g3 -DUSE_HAL_DRIVER -DSTM32F767xx -DDEBUG -c -I../Core/Inc -I../Drivers/STM32F7xx_HAL_Driver/Inc -I../Drivers/STM32F7xx_HAL_Driver/Inc/Legacy -I../Drivers/CMSIS/Device/ST/STM32F7xx/Include -I../Drivers/CMSIS/Include -O0 -ffunction-sections -fdata-sections -Wall -fstack-usage -MMD -MP -MF"Core/Src/stm32f7xx_it.d" -MT"Core/Src/stm32f7xx_it.o" --specs=nano.specs -mfpu=fpv5-d16 -mfloat-abi=hard -mthumb -o "Core/Src/stm32f7xx_it.o"
arm-none-eabi-gcc "../Core/Src/syscalls.c" -mcpu=cortex-m7 -std=gnu11 -g3 -DUSE_HAL_DRIVER -DSTM32F767xx -DDEBUG -c -I../Core/Inc -I../Drivers/STM32F7xx_HAL_Driver/Inc -I../Drivers/STM32F7xx_HAL_Driver/Inc/Legacy -I../Drivers/CMSIS/Device/ST/STM32F7xx/Include -I../Drivers/CMSIS/Include -O0 -ffunction-sections -fdata-sections -Wall -fstack-usage -MMD -MP -MF"Core/Src/syscalls.d" -MT"Core/Src/syscalls.o" --specs=nano.specs -mfpu=fpv5-d16 -mfloat-abi=hard -mthumb -o "Core/Src/syscalls.o"
arm-none-eabi-gcc "../Core/Src/sysmem.c" -mcpu=cortex-m7 -std=gnu11 -g3 -DUSE_HAL_DRIVER -DSTM32F767xx -DDEBUG -c -I../Core/Inc -I../Drivers/STM32F7xx_HAL_Driver/Inc -I../Drivers/STM32F7xx_HAL_Driver/Inc/Legacy -I../Drivers/CMSIS/Device/ST/STM32F7xx/Include -I../Drivers/CMSIS/Include -O0 -ffunction-sections -fdata-sections -Wall -fstack-usage -MMD -MP -MF"Core/Src/sysmem.d" -MT"Core/Src/sysmem.o" --specs=nano.specs -mfpu=fpv5-d16 -mfloat-abi=hard -mthumb -o "Core/Src/sysmem.o"
arm-none-eabi-gcc "../Core/Src/system_stm32f7xx.c" -mcpu=cortex-m7 -std=gnu11 -g3 -DUSE_HAL_DRIVER -DSTM32F767xx -DDEBUG -c -I../Core/Inc -I../Drivers/STM32F7xx_HAL_Driver/Inc -I../Drivers/STM32F7xx_HAL_Driver/Inc/Legacy -I../Drivers/CMSIS/Device/ST/STM32F7xx/Include -I../Drivers/CMSIS/Include -O0 -ffunction-sections -fdata-sections -Wall -fstack-usage -MMD -MP -MF"Core/Src/system_stm32f7xx.d" -MT"Core/Src/system_stm32f7xx.o" --specs=nano.specs -mfpu=fpv5-d16 -mfloat-abi=hard -mthumb -o "Core/Src/system_stm32f7xx.o"
../Core/Src/main.c:65:32: warning: large integer implicitly truncated to unsigned type [-Woverflow]
 const uint8_t COUNTER_PERIOD = 20000 - 1; //Global Maximum number that the stm32 will count to before resetting
                                ^~~~~
../Core/Src/main.c:163:13: error: conflicting types for 'MX_TIM1_Init'
 static void MX_TIM1_Init(int prescalar)
             ^~~~~~~~~~~~
../Core/Src/main.c:56:13: note: previous declaration of 'MX_TIM1_Init' was here
 static void MX_TIM1_Init(uint16_t prescalar);
             ^~~~~~~~~~~~
../Core/Src/main.c:256:13: error: conflicting types for 'MX_TIM2_Init'
 static void MX_TIM2_Init(int prescalar)
             ^~~~~~~~~~~~
../Core/Src/main.c:55:13: note: previous declaration of 'MX_TIM2_Init' was here
 static void MX_TIM2_Init(uint16_t prescalar);
             ^~~~~~~~~~~~
../Core/Src/main.c: In function 'Timer_Init':
../Core/Src/main.c:357:4: warning: implicit declaration of function 'printf' [-Wimplicit-function-declaration]
    printf("Nothing");
    ^~~~~~
../Core/Src/main.c:357:4: warning: incompatible implicit declaration of built-in function 'printf'
../Core/Src/main.c:357:4: note: include '<stdio.h>' or provide a declaration of 'printf'
../Core/Src/main.c: In function 'PWM_Init':
../Core/Src/main.c:397:4: warning: incompatible implicit declaration of built-in function 'printf'
    printf("put in error statement here");
    ^~~~~~
../Core/Src/main.c:397:4: note: include '<stdio.h>' or provide a declaration of 'printf'
../Core/Src/main.c:415:4: warning: incompatible implicit declaration of built-in function 'printf'
    printf("Put in error statement here");
    ^~~~~~
../Core/Src/main.c:415:4: note: include '<stdio.h>' or provide a declaration of 'printf'
make: *** [Core/Src/subdir.mk:33: Core/Src/main.o] Error 1
make: *** Waiting for unfinished jobs....
"make -j8 all" terminated with exit code 2. Build might be incomplete.
18:22:01 **** Incremental Build of configuration Debug for project PWMTest ****
make -j8 all 
arm-none-eabi-gcc "../Core/Src/main.c" -mcpu=cortex-m7 -std=gnu11 -g3 -DUSE_HAL_DRIVER -DSTM32F767xx -DDEBUG -c -I../Core/Inc -I../Drivers/STM32F7xx_HAL_Driver/Inc -I../Drivers/STM32F7xx_HAL_Driver/Inc/Legacy -I../Drivers/CMSIS/Device/ST/STM32F7xx/Include -I../Drivers/CMSIS/Include -O0 -ffunction-sections -fdata-sections -Wall -fstack-usage -MMD -MP -MF"Core/Src/main.d" -MT"Core/Src/main.o" --specs=nano.specs -mfpu=fpv5-d16 -mfloat-abi=hard -mthumb -o "Core/Src/main.o"
../Core/Src/main.c:65:32: warning: large integer implicitly truncated to unsigned type [-Woverflow]
 const uint8_t COUNTER_PERIOD = 20000 - 1; //Global Maximum number that the stm32 will count to before resetting
                                ^~~~~
../Core/Src/main.c: In function 'Timer_Init':
../Core/Src/main.c:357:4: warning: implicit declaration of function 'printf' [-Wimplicit-function-declaration]
    printf("Nothing");
    ^~~~~~
../Core/Src/main.c:357:4: warning: incompatible implicit declaration of built-in function 'printf'
../Core/Src/main.c:357:4: note: include '<stdio.h>' or provide a declaration of 'printf'
../Core/Src/main.c: In function 'PWM_Init':
../Core/Src/main.c:397:4: warning: incompatible implicit declaration of built-in function 'printf'
    printf("put in error statement here");
    ^~~~~~
../Core/Src/main.c:397:4: note: include '<stdio.h>' or provide a declaration of 'printf'
../Core/Src/main.c:415:4: warning: incompatible implicit declaration of built-in function 'printf'
    printf("Put in error statement here");
    ^~~~~~
../Core/Src/main.c:415:4: note: include '<stdio.h>' or provide a declaration of 'printf'
arm-none-eabi-gcc -o "PWMTest.elf" @"objects.list"   -mcpu=cortex-m7 -T"C:\Users\doria\OneDrive\Desktop\File System\McMaster\MacFormulaCode\stm32-mcu\PWMTest\PWMTest\STM32F767ZITX_FLASH.ld" --specs=nosys.specs -Wl,-Map="PWMTest.map" -Wl,--gc-sections -static --specs=nano.specs -mfpu=fpv5-d16 -mfloat-abi=hard -mthumb -Wl,--start-group -lc -lm -Wl,--end-group
Finished building target: PWMTest.elf
 
arm-none-eabi-size   PWMTest.elf 
arm-none-eabi-objdump -h -S  PWMTest.elf  > "PWMTest.list"
arm-none-eabi-objcopy  -O binary  PWMTest.elf  "PWMTest.bin"
   text	   data	    bss	    dec	    hex	filename
  15320	    120	   1712	  17152	   4300	PWMTest.elf
Finished building: default.size.stdout
 
Finished building: PWMTest.bin
Finished building: PWMTest.list
 
 
18:22:30 **** Incremental Build of configuration Debug for project PWMTest ****
make -j8 all 
arm-none-eabi-gcc "../Core/Src/main.c" -mcpu=cortex-m7 -std=gnu11 -g3 -DUSE_HAL_DRIVER -DSTM32F767xx -DDEBUG -c -I../Core/Inc -I../Drivers/STM32F7xx_HAL_Driver/Inc -I../Drivers/STM32F7xx_HAL_Driver/Inc/Legacy -I../Drivers/CMSIS/Device/ST/STM32F7xx/Include -I../Drivers/CMSIS/Include -O0 -ffunction-sections -fdata-sections -Wall -fstack-usage -MMD -MP -MF"Core/Src/main.d" -MT"Core/Src/main.o" --specs=nano.specs -mfpu=fpv5-d16 -mfloat-abi=hard -mthumb -o "Core/Src/main.o"
../Core/Src/main.c: In function 'Timer_Init':
../Core/Src/main.c:357:4: warning: implicit declaration of function 'printf' [-Wimplicit-function-declaration]
    printf("Nothing");
    ^~~~~~
../Core/Src/main.c:357:4: warning: incompatible implicit declaration of built-in function 'printf'
../Core/Src/main.c:357:4: note: include '<stdio.h>' or provide a declaration of 'printf'
../Core/Src/main.c: In function 'PWM_Init':
../Core/Src/main.c:397:4: warning: incompatible implicit declaration of built-in function 'printf'
    printf("put in error statement here");
    ^~~~~~
../Core/Src/main.c:397:4: note: include '<stdio.h>' or provide a declaration of 'printf'
../Core/Src/main.c:415:4: warning: incompatible implicit declaration of built-in function 'printf'
    printf("Put in error statement here");
    ^~~~~~
../Core/Src/main.c:415:4: note: include '<stdio.h>' or provide a declaration of 'printf'
arm-none-eabi-gcc -o "PWMTest.elf" @"objects.list"   -mcpu=cortex-m7 -T"C:\Users\doria\OneDrive\Desktop\File System\McMaster\MacFormulaCode\stm32-mcu\PWMTest\PWMTest\STM32F767ZITX_FLASH.ld" --specs=nosys.specs -Wl,-Map="PWMTest.map" -Wl,--gc-sections -static --specs=nano.specs -mfpu=fpv5-d16 -mfloat-abi=hard -mthumb -Wl,--start-group -lc -lm -Wl,--end-group
Finished building target: PWMTest.elf
 
arm-none-eabi-objdump -h -S  PWMTest.elf  > "PWMTest.list"
arm-none-eabi-objcopy  -O binary  PWMTest.elf  "PWMTest.bin"
arm-none-eabi-size   PWMTest.elf 
   text	   data	    bss	    dec	    hex	filename
  15328	    120	   1712	  17160	   4308	PWMTest.elf
Finished building: default.size.stdout
 
Finished building: PWMTest.bin
 
Finished building: PWMTest.list
 
18:24:41 **** Incremental Build of configuration Debug for project PWMTest ****
make -j8 all 
arm-none-eabi-gcc "../Core/Src/main.c" -mcpu=cortex-m7 -std=gnu11 -g3 -DUSE_HAL_DRIVER -DSTM32F767xx -DDEBUG -c -I../Core/Inc -I../Drivers/STM32F7xx_HAL_Driver/Inc -I../Drivers/STM32F7xx_HAL_Driver/Inc/Legacy -I../Drivers/CMSIS/Device/ST/STM32F7xx/Include -I../Drivers/CMSIS/Include -O0 -ffunction-sections -fdata-sections -Wall -fstack-usage -MMD -MP -MF"Core/Src/main.d" -MT"Core/Src/main.o" --specs=nano.specs -mfpu=fpv5-d16 -mfloat-abi=hard -mthumb -o "Core/Src/main.o"
../Core/Src/main.c: In function 'Timer_Init':
../Core/Src/main.c:357:4: warning: implicit declaration of function 'printf' [-Wimplicit-function-declaration]
    printf("Nothing");
    ^~~~~~
../Core/Src/main.c:357:4: warning: incompatible implicit declaration of built-in function 'printf'
../Core/Src/main.c:357:4: note: include '<stdio.h>' or provide a declaration of 'printf'
../Core/Src/main.c: In function 'PWM_Init':
../Core/Src/main.c:397:4: warning: incompatible implicit declaration of built-in function 'printf'
    printf("put in error statement here");
    ^~~~~~
../Core/Src/main.c:397:4: note: include '<stdio.h>' or provide a declaration of 'printf'
../Core/Src/main.c:415:4: warning: incompatible implicit declaration of built-in function 'printf'
    printf("Put in error statement here");
    ^~~~~~
../Core/Src/main.c:415:4: note: include '<stdio.h>' or provide a declaration of 'printf'
arm-none-eabi-gcc -o "PWMTest.elf" @"objects.list"   -mcpu=cortex-m7 -T"C:\Users\doria\OneDrive\Desktop\File System\McMaster\MacFormulaCode\stm32-mcu\PWMTest\PWMTest\STM32F767ZITX_FLASH.ld" --specs=nosys.specs -Wl,-Map="PWMTest.map" -Wl,--gc-sections -static --specs=nano.specs -mfpu=fpv5-d16 -mfloat-abi=hard -mthumb -Wl,--start-group -lc -lm -Wl,--end-group
Finished building target: PWMTest.elf
 
arm-none-eabi-objdump -h -S  PWMTest.elf  > "PWMTest.list"
arm-none-eabi-objcopy  -O binary  PWMTest.elf  "PWMTest.bin"
arm-none-eabi-size   PWMTest.elf 
   text	   data	    bss	    dec	    hex	filename
  15328	    120	   1712	  17160	   4308	PWMTest.elf
Finished building: default.size.stdout
 
Finished building: PWMTest.bin
 
Finished building: PWMTest.list
 
18:25:55 **** Incremental Build of configuration Debug for project PWMTest ****
make -j8 all 
arm-none-eabi-gcc "../Core/Src/main.c" -mcpu=cortex-m7 -std=gnu11 -g3 -DUSE_HAL_DRIVER -DSTM32F767xx -DDEBUG -c -I../Core/Inc -I../Drivers/STM32F7xx_HAL_Driver/Inc -I../Drivers/STM32F7xx_HAL_Driver/Inc/Legacy -I../Drivers/CMSIS/Device/ST/STM32F7xx/Include -I../Drivers/CMSIS/Include -O0 -ffunction-sections -fdata-sections -Wall -fstack-usage -MMD -MP -MF"Core/Src/main.d" -MT"Core/Src/main.o" --specs=nano.specs -mfpu=fpv5-d16 -mfloat-abi=hard -mthumb -o "Core/Src/main.o"
../Core/Src/main.c: In function 'Timer_Init':
../Core/Src/main.c:357:4: warning: implicit declaration of function 'printf' [-Wimplicit-function-declaration]
    printf("Nothing");
    ^~~~~~
../Core/Src/main.c:357:4: warning: incompatible implicit declaration of built-in function 'printf'
../Core/Src/main.c:357:4: note: include '<stdio.h>' or provide a declaration of 'printf'
../Core/Src/main.c: In function 'PWM_Init':
../Core/Src/main.c:397:4: warning: incompatible implicit declaration of built-in function 'printf'
    printf("put in error statement here");
    ^~~~~~
../Core/Src/main.c:397:4: note: include '<stdio.h>' or provide a declaration of 'printf'
../Core/Src/main.c:415:4: warning: incompatible implicit declaration of built-in function 'printf'
    printf("Put in error statement here");
    ^~~~~~
../Core/Src/main.c:415:4: note: include '<stdio.h>' or provide a declaration of 'printf'
arm-none-eabi-gcc -o "PWMTest.elf" @"objects.list"   -mcpu=cortex-m7 -T"C:\Users\doria\OneDrive\Desktop\File System\McMaster\MacFormulaCode\stm32-mcu\PWMTest\PWMTest\STM32F767ZITX_FLASH.ld" --specs=nosys.specs -Wl,-Map="PWMTest.map" -Wl,--gc-sections -static --specs=nano.specs -mfpu=fpv5-d16 -mfloat-abi=hard -mthumb -Wl,--start-group -lc -lm -Wl,--end-group
Finished building target: PWMTest.elf
 
arm-none-eabi-objdump -h -S  PWMTest.elf  > "PWMTest.list"
arm-none-eabi-objcopy  -O binary  PWMTest.elf  "PWMTest.bin"
arm-none-eabi-size   PWMTest.elf 
   text	   data	    bss	    dec	    hex	filename
  15308	    120	   1712	  17140	   42f4	PWMTest.elf
Finished building: default.size.stdout
 
Finished building: PWMTest.bin
 
Finished building: PWMTest.list
 
18:27:14 **** Incremental Build of configuration Debug for project PWMTest ****
make -j8 all 
arm-none-eabi-gcc "../Core/Src/main.c" -mcpu=cortex-m7 -std=gnu11 -g3 -DUSE_HAL_DRIVER -DSTM32F767xx -DDEBUG -c -I../Core/Inc -I../Drivers/STM32F7xx_HAL_Driver/Inc -I../Drivers/STM32F7xx_HAL_Driver/Inc/Legacy -I../Drivers/CMSIS/Device/ST/STM32F7xx/Include -I../Drivers/CMSIS/Include -O0 -ffunction-sections -fdata-sections -Wall -fstack-usage -MMD -MP -MF"Core/Src/main.d" -MT"Core/Src/main.o" --specs=nano.specs -mfpu=fpv5-d16 -mfloat-abi=hard -mthumb -o "Core/Src/main.o"
../Core/Src/main.c: In function 'Timer_Init':
../Core/Src/main.c:357:4: warning: implicit declaration of function 'printf' [-Wimplicit-function-declaration]
    printf("Nothing");
    ^~~~~~
../Core/Src/main.c:357:4: warning: incompatible implicit declaration of built-in function 'printf'
../Core/Src/main.c:357:4: note: include '<stdio.h>' or provide a declaration of 'printf'
../Core/Src/main.c: In function 'PWM_Init':
../Core/Src/main.c:397:4: warning: incompatible implicit declaration of built-in function 'printf'
    printf("put in error statement here");
    ^~~~~~
../Core/Src/main.c:397:4: note: include '<stdio.h>' or provide a declaration of 'printf'
../Core/Src/main.c:415:4: warning: incompatible implicit declaration of built-in function 'printf'
    printf("Put in error statement here");
    ^~~~~~
../Core/Src/main.c:415:4: note: include '<stdio.h>' or provide a declaration of 'printf'
arm-none-eabi-gcc -o "PWMTest.elf" @"objects.list"   -mcpu=cortex-m7 -T"C:\Users\doria\OneDrive\Desktop\File System\McMaster\MacFormulaCode\stm32-mcu\PWMTest\PWMTest\STM32F767ZITX_FLASH.ld" --specs=nosys.specs -Wl,-Map="PWMTest.map" -Wl,--gc-sections -static --specs=nano.specs -mfpu=fpv5-d16 -mfloat-abi=hard -mthumb -Wl,--start-group -lc -lm -Wl,--end-group
Finished building target: PWMTest.elf
 
arm-none-eabi-objdump -h -S  PWMTest.elf  > "PWMTest.list"
arm-none-eabi-objcopy  -O binary  PWMTest.elf  "PWMTest.bin"
arm-none-eabi-size   PWMTest.elf 
   text	   data	    bss	    dec	    hex	filename
  15348	    120	   1712	  17180	   431c	PWMTest.elf
Finished building: default.size.stdout
 
Finished building: PWMTest.bin
 
Finished building: PWMTest.list
 
18:28:00 **** Incremental Build of configuration Debug for project PWMTest ****
make -j8 all 
arm-none-eabi-gcc "../Core/Src/main.c" -mcpu=cortex-m7 -std=gnu11 -g3 -DUSE_HAL_DRIVER -DSTM32F767xx -DDEBUG -c -I../Core/Inc -I../Drivers/STM32F7xx_HAL_Driver/Inc -I../Drivers/STM32F7xx_HAL_Driver/Inc/Legacy -I../Drivers/CMSIS/Device/ST/STM32F7xx/Include -I../Drivers/CMSIS/Include -O0 -ffunction-sections -fdata-sections -Wall -fstack-usage -MMD -MP -MF"Core/Src/main.d" -MT"Core/Src/main.o" --specs=nano.specs -mfpu=fpv5-d16 -mfloat-abi=hard -mthumb -o "Core/Src/main.o"
../Core/Src/main.c: In function 'Timer_Init':
../Core/Src/main.c:357:4: warning: implicit declaration of function 'printf' [-Wimplicit-function-declaration]
    printf("Nothing");
    ^~~~~~
../Core/Src/main.c:357:4: warning: incompatible implicit declaration of built-in function 'printf'
../Core/Src/main.c:357:4: note: include '<stdio.h>' or provide a declaration of 'printf'
../Core/Src/main.c: In function 'PWM_Init':
../Core/Src/main.c:397:4: warning: incompatible implicit declaration of built-in function 'printf'
    printf("put in error statement here");
    ^~~~~~
../Core/Src/main.c:397:4: note: include '<stdio.h>' or provide a declaration of 'printf'
../Core/Src/main.c:415:4: warning: incompatible implicit declaration of built-in function 'printf'
    printf("Put in error statement here");
    ^~~~~~
../Core/Src/main.c:415:4: note: include '<stdio.h>' or provide a declaration of 'printf'
arm-none-eabi-gcc -o "PWMTest.elf" @"objects.list"   -mcpu=cortex-m7 -T"C:\Users\doria\OneDrive\Desktop\File System\McMaster\MacFormulaCode\stm32-mcu\PWMTest\PWMTest\STM32F767ZITX_FLASH.ld" --specs=nosys.specs -Wl,-Map="PWMTest.map" -Wl,--gc-sections -static --specs=nano.specs -mfpu=fpv5-d16 -mfloat-abi=hard -mthumb -Wl,--start-group -lc -lm -Wl,--end-group
Finished building target: PWMTest.elf
 
arm-none-eabi-objdump -h -S  PWMTest.elf  > "PWMTest.list"
arm-none-eabi-objcopy  -O binary  PWMTest.elf  "PWMTest.bin"
arm-none-eabi-size   PWMTest.elf 
   text	   data	    bss	    dec	    hex	filename
  15352	    120	   1712	  17184	   4320	PWMTest.elf
Finished building: default.size.stdout
 
Finished building: PWMTest.bin
 
Finished building: PWMTest.list
 
18:29:12 **** Incremental Build of configuration Debug for project PWMTest ****
make -j8 all 
arm-none-eabi-gcc "../Core/Src/main.c" -mcpu=cortex-m7 -std=gnu11 -g3 -DUSE_HAL_DRIVER -DSTM32F767xx -DDEBUG -c -I../Core/Inc -I../Drivers/STM32F7xx_HAL_Driver/Inc -I../Drivers/STM32F7xx_HAL_Driver/Inc/Legacy -I../Drivers/CMSIS/Device/ST/STM32F7xx/Include -I../Drivers/CMSIS/Include -O0 -ffunction-sections -fdata-sections -Wall -fstack-usage -MMD -MP -MF"Core/Src/main.d" -MT"Core/Src/main.o" --specs=nano.specs -mfpu=fpv5-d16 -mfloat-abi=hard -mthumb -o "Core/Src/main.o"
../Core/Src/main.c: In function 'Timer_Init':
../Core/Src/main.c:357:4: warning: implicit declaration of function 'printf' [-Wimplicit-function-declaration]
    printf("Nothing");
    ^~~~~~
../Core/Src/main.c:357:4: warning: incompatible implicit declaration of built-in function 'printf'
../Core/Src/main.c:357:4: note: include '<stdio.h>' or provide a declaration of 'printf'
../Core/Src/main.c: In function 'PWM_Init':
../Core/Src/main.c:397:4: warning: incompatible implicit declaration of built-in function 'printf'
    printf("put in error statement here");
    ^~~~~~
../Core/Src/main.c:397:4: note: include '<stdio.h>' or provide a declaration of 'printf'
../Core/Src/main.c:415:4: warning: incompatible implicit declaration of built-in function 'printf'
    printf("Put in error statement here");
    ^~~~~~
../Core/Src/main.c:415:4: note: include '<stdio.h>' or provide a declaration of 'printf'
arm-none-eabi-gcc -o "PWMTest.elf" @"objects.list"   -mcpu=cortex-m7 -T"C:\Users\doria\OneDrive\Desktop\File System\McMaster\MacFormulaCode\stm32-mcu\PWMTest\PWMTest\STM32F767ZITX_FLASH.ld" --specs=nosys.specs -Wl,-Map="PWMTest.map" -Wl,--gc-sections -static --specs=nano.specs -mfpu=fpv5-d16 -mfloat-abi=hard -mthumb -Wl,--start-group -lc -lm -Wl,--end-group
Finished building target: PWMTest.elf
 
arm-none-eabi-objdump -h -S  PWMTest.elf  > "PWMTest.list"
arm-none-eabi-objcopy  -O binary  PWMTest.elf  "PWMTest.bin"
arm-none-eabi-size   PWMTest.elf 
   text	   data	    bss	    dec	    hex	filename
  15316	    120	   1712	  17148	   42fc	PWMTest.elf
Finished building: default.size.stdout
 
Finished building: PWMTest.bin
 
Finished building: PWMTest.list
 
18:33:37 **** Incremental Build of configuration Debug for project PWMTest ****
make -j8 all 
arm-none-eabi-gcc "../Core/Src/main.c" -mcpu=cortex-m7 -std=gnu11 -g3 -DUSE_HAL_DRIVER -DSTM32F767xx -DDEBUG -c -I../Core/Inc -I../Drivers/STM32F7xx_HAL_Driver/Inc -I../Drivers/STM32F7xx_HAL_Driver/Inc/Legacy -I../Drivers/CMSIS/Device/ST/STM32F7xx/Include -I../Drivers/CMSIS/Include -O0 -ffunction-sections -fdata-sections -Wall -fstack-usage -MMD -MP -MF"Core/Src/main.d" -MT"Core/Src/main.o" --specs=nano.specs -mfpu=fpv5-d16 -mfloat-abi=hard -mthumb -o "Core/Src/main.o"
../Core/Src/main.c: In function 'Timer_Init':
../Core/Src/main.c:357:4: warning: implicit declaration of function 'printf' [-Wimplicit-function-declaration]
    printf("Nothing");
    ^~~~~~
../Core/Src/main.c:357:4: warning: incompatible implicit declaration of built-in function 'printf'
../Core/Src/main.c:357:4: note: include '<stdio.h>' or provide a declaration of 'printf'
../Core/Src/main.c: In function 'PWM_Init':
../Core/Src/main.c:397:4: warning: incompatible implicit declaration of built-in function 'printf'
    printf("put in error statement here");
    ^~~~~~
../Core/Src/main.c:397:4: note: include '<stdio.h>' or provide a declaration of 'printf'
../Core/Src/main.c:415:4: warning: incompatible implicit declaration of built-in function 'printf'
    printf("Put in error statement here");
    ^~~~~~
../Core/Src/main.c:415:4: note: include '<stdio.h>' or provide a declaration of 'printf'
arm-none-eabi-gcc -o "PWMTest.elf" @"objects.list"   -mcpu=cortex-m7 -T"C:\Users\doria\OneDrive\Desktop\File System\McMaster\MacFormulaCode\stm32-mcu\PWMTest\PWMTest\STM32F767ZITX_FLASH.ld" --specs=nosys.specs -Wl,-Map="PWMTest.map" -Wl,--gc-sections -static --specs=nano.specs -mfpu=fpv5-d16 -mfloat-abi=hard -mthumb -Wl,--start-group -lc -lm -Wl,--end-group
Finished building target: PWMTest.elf
 
arm-none-eabi-objdump -h -S  PWMTest.elf  > "PWMTest.list"
arm-none-eabi-objcopy  -O binary  PWMTest.elf  "PWMTest.bin"
arm-none-eabi-size   PWMTest.elf 
   text	   data	    bss	    dec	    hex	filename
  15324	    120	   1712	  17156	   4304	PWMTest.elf
Finished building: default.size.stdout
 
Finished building: PWMTest.bin
 
Finished building: PWMTest.list
 
18:34:37 **** Incremental Build of configuration Debug for project PWMTest ****
make -j8 all 
arm-none-eabi-gcc "../Core/Src/main.c" -mcpu=cortex-m7 -std=gnu11 -g3 -DUSE_HAL_DRIVER -DSTM32F767xx -DDEBUG -c -I../Core/Inc -I../Drivers/STM32F7xx_HAL_Driver/Inc -I../Drivers/STM32F7xx_HAL_Driver/Inc/Legacy -I../Drivers/CMSIS/Device/ST/STM32F7xx/Include -I../Drivers/CMSIS/Include -O0 -ffunction-sections -fdata-sections -Wall -fstack-usage -MMD -MP -MF"Core/Src/main.d" -MT"Core/Src/main.o" --specs=nano.specs -mfpu=fpv5-d16 -mfloat-abi=hard -mthumb -o "Core/Src/main.o"
../Core/Src/main.c: In function 'Timer_Init':
../Core/Src/main.c:357:4: warning: implicit declaration of function 'printf' [-Wimplicit-function-declaration]
    printf("Nothing");
    ^~~~~~
../Core/Src/main.c:357:4: warning: incompatible implicit declaration of built-in function 'printf'
../Core/Src/main.c:357:4: note: include '<stdio.h>' or provide a declaration of 'printf'
../Core/Src/main.c: In function 'PWM_Init':
../Core/Src/main.c:397:4: warning: incompatible implicit declaration of built-in function 'printf'
    printf("put in error statement here");
    ^~~~~~
../Core/Src/main.c:397:4: note: include '<stdio.h>' or provide a declaration of 'printf'
../Core/Src/main.c:415:4: warning: incompatible implicit declaration of built-in function 'printf'
    printf("Put in error statement here");
    ^~~~~~
../Core/Src/main.c:415:4: note: include '<stdio.h>' or provide a declaration of 'printf'
arm-none-eabi-gcc -o "PWMTest.elf" @"objects.list"   -mcpu=cortex-m7 -T"C:\Users\doria\OneDrive\Desktop\File System\McMaster\MacFormulaCode\stm32-mcu\PWMTest\PWMTest\STM32F767ZITX_FLASH.ld" --specs=nosys.specs -Wl,-Map="PWMTest.map" -Wl,--gc-sections -static --specs=nano.specs -mfpu=fpv5-d16 -mfloat-abi=hard -mthumb -Wl,--start-group -lc -lm -Wl,--end-group
Finished building target: PWMTest.elf
 
arm-none-eabi-objdump -h -S  PWMTest.elf  > "PWMTest.list"
arm-none-eabi-objcopy  -O binary  PWMTest.elf  "PWMTest.bin"
arm-none-eabi-size   PWMTest.elf 
   text	   data	    bss	    dec	    hex	filename
  15324	    120	   1712	  17156	   4304	PWMTest.elf
Finished building: default.size.stdout
 
Finished building: PWMTest.bin
 
Finished building: PWMTest.list
 
18:37:08 **** Incremental Build of configuration Debug for project PWMTest ****
make -j8 all 
arm-none-eabi-gcc "../Core/Src/main.c" -mcpu=cortex-m7 -std=gnu11 -g3 -DUSE_HAL_DRIVER -DSTM32F767xx -DDEBUG -c -I../Core/Inc -I../Drivers/STM32F7xx_HAL_Driver/Inc -I../Drivers/STM32F7xx_HAL_Driver/Inc/Legacy -I../Drivers/CMSIS/Device/ST/STM32F7xx/Include -I../Drivers/CMSIS/Include -O0 -ffunction-sections -fdata-sections -Wall -fstack-usage -MMD -MP -MF"Core/Src/main.d" -MT"Core/Src/main.o" --specs=nano.specs -mfpu=fpv5-d16 -mfloat-abi=hard -mthumb -o "Core/Src/main.o"
../Core/Src/main.c: In function 'Timer_Init':
../Core/Src/main.c:357:4: warning: implicit declaration of function 'printf' [-Wimplicit-function-declaration]
    printf("Nothing");
    ^~~~~~
../Core/Src/main.c:357:4: warning: incompatible implicit declaration of built-in function 'printf'
../Core/Src/main.c:357:4: note: include '<stdio.h>' or provide a declaration of 'printf'
../Core/Src/main.c: In function 'PWM_Init':
../Core/Src/main.c:397:4: warning: incompatible implicit declaration of built-in function 'printf'
    printf("put in error statement here");
    ^~~~~~
../Core/Src/main.c:397:4: note: include '<stdio.h>' or provide a declaration of 'printf'
../Core/Src/main.c:415:4: warning: incompatible implicit declaration of built-in function 'printf'
    printf("Put in error statement here");
    ^~~~~~
../Core/Src/main.c:415:4: note: include '<stdio.h>' or provide a declaration of 'printf'
arm-none-eabi-gcc -o "PWMTest.elf" @"objects.list"   -mcpu=cortex-m7 -T"C:\Users\doria\OneDrive\Desktop\File System\McMaster\MacFormulaCode\stm32-mcu\PWMTest\PWMTest\STM32F767ZITX_FLASH.ld" --specs=nosys.specs -Wl,-Map="PWMTest.map" -Wl,--gc-sections -static --specs=nano.specs -mfpu=fpv5-d16 -mfloat-abi=hard -mthumb -Wl,--start-group -lc -lm -Wl,--end-group
Finished building target: PWMTest.elf
 
arm-none-eabi-objdump -h -S  PWMTest.elf  > "PWMTest.list"
arm-none-eabi-objcopy  -O binary  PWMTest.elf  "PWMTest.bin"
arm-none-eabi-size   PWMTest.elf 
   text	   data	    bss	    dec	    hex	filename
  15316	    120	   1712	  17148	   42fc	PWMTest.elf
Finished building: default.size.stdout
 
Finished building: PWMTest.bin
 
Finished building: PWMTest.list
 
19:19:52 **** Incremental Build of configuration Debug for project PWMTest ****
make -j8 all 
arm-none-eabi-gcc "../Core/Src/main.c" -mcpu=cortex-m7 -std=gnu11 -g3 -DUSE_HAL_DRIVER -DSTM32F767xx -DDEBUG -c -I../Core/Inc -I../Drivers/STM32F7xx_HAL_Driver/Inc -I../Drivers/STM32F7xx_HAL_Driver/Inc/Legacy -I../Drivers/CMSIS/Device/ST/STM32F7xx/Include -I../Drivers/CMSIS/Include -O0 -ffunction-sections -fdata-sections -Wall -fstack-usage -MMD -MP -MF"Core/Src/main.d" -MT"Core/Src/main.o" --specs=nano.specs -mfpu=fpv5-d16 -mfloat-abi=hard -mthumb -o "Core/Src/main.o"
../Core/Src/main.c: In function 'Timer_Init':
../Core/Src/main.c:357:4: warning: implicit declaration of function 'printf' [-Wimplicit-function-declaration]
    printf("Nothing");
    ^~~~~~
../Core/Src/main.c:357:4: warning: incompatible implicit declaration of built-in function 'printf'
../Core/Src/main.c:357:4: note: include '<stdio.h>' or provide a declaration of 'printf'
../Core/Src/main.c: In function 'PWM_Init':
../Core/Src/main.c:397:4: warning: incompatible implicit declaration of built-in function 'printf'
    printf("put in error statement here");
    ^~~~~~
../Core/Src/main.c:397:4: note: include '<stdio.h>' or provide a declaration of 'printf'
../Core/Src/main.c:415:4: warning: incompatible implicit declaration of built-in function 'printf'
    printf("Put in error statement here");
    ^~~~~~
../Core/Src/main.c:415:4: note: include '<stdio.h>' or provide a declaration of 'printf'
arm-none-eabi-gcc -o "PWMTest.elf" @"objects.list"   -mcpu=cortex-m7 -T"C:\Users\doria\OneDrive\Desktop\File System\McMaster\MacFormulaCode\stm32-mcu\PWMTest\PWMTest\STM32F767ZITX_FLASH.ld" --specs=nosys.specs -Wl,-Map="PWMTest.map" -Wl,--gc-sections -static --specs=nano.specs -mfpu=fpv5-d16 -mfloat-abi=hard -mthumb -Wl,--start-group -lc -lm -Wl,--end-group
Finished building target: PWMTest.elf
 
arm-none-eabi-objdump -h -S  PWMTest.elf  > "PWMTest.list"
arm-none-eabi-objcopy  -O binary  PWMTest.elf  "PWMTest.bin"
arm-none-eabi-size   PWMTest.elf 
   text	   data	    bss	    dec	    hex	filename
  15312	    120	   1712	  17144	   42f8	PWMTest.elf
Finished building: default.size.stdout
 
Finished building: PWMTest.bin
 
Finished building: PWMTest.list
 
19:20:15 **** Incremental Build of configuration Debug for project PWMTest ****
make -j8 all 
arm-none-eabi-gcc "../Core/Src/main.c" -mcpu=cortex-m7 -std=gnu11 -g3 -DUSE_HAL_DRIVER -DSTM32F767xx -DDEBUG -c -I../Core/Inc -I../Drivers/STM32F7xx_HAL_Driver/Inc -I../Drivers/STM32F7xx_HAL_Driver/Inc/Legacy -I../Drivers/CMSIS/Device/ST/STM32F7xx/Include -I../Drivers/CMSIS/Include -O0 -ffunction-sections -fdata-sections -Wall -fstack-usage -MMD -MP -MF"Core/Src/main.d" -MT"Core/Src/main.o" --specs=nano.specs -mfpu=fpv5-d16 -mfloat-abi=hard -mthumb -o "Core/Src/main.o"
../Core/Src/main.c:344:13: error: conflicting types for 'Timer_Init'
 static void Timer_Init(uint8_t num, uint16_t period)
             ^~~~~~~~~~
../Core/Src/main.c:57:13: note: previous declaration of 'Timer_Init' was here
 static void Timer_Init(uint8_t num, int period);
             ^~~~~~~~~~
../Core/Src/main.c: In function 'Timer_Init':
../Core/Src/main.c:357:4: warning: implicit declaration of function 'printf' [-Wimplicit-function-declaration]
    printf("Nothing");
    ^~~~~~
../Core/Src/main.c:357:4: warning: incompatible implicit declaration of built-in function 'printf'
../Core/Src/main.c:357:4: note: include '<stdio.h>' or provide a declaration of 'printf'
../Core/Src/main.c: In function 'PWM_Init':
../Core/Src/main.c:397:4: warning: incompatible implicit declaration of built-in function 'printf'
    printf("put in error statement here");
    ^~~~~~
../Core/Src/main.c:397:4: note: include '<stdio.h>' or provide a declaration of 'printf'
../Core/Src/main.c:415:4: warning: incompatible implicit declaration of built-in function 'printf'
    printf("Put in error statement here");
    ^~~~~~
../Core/Src/main.c:415:4: note: include '<stdio.h>' or provide a declaration of 'printf'
../Core/Src/main.c: At top level:
../Core/Src/main.c:57:13: warning: 'Timer_Init' used but never defined
 static void Timer_Init(uint8_t num, int period);
             ^~~~~~~~~~
../Core/Src/main.c:344:13: warning: 'Timer_Init' defined but not used [-Wunused-function]
 static void Timer_Init(uint8_t num, uint16_t period)
             ^~~~~~~~~~
make: *** [Core/Src/subdir.mk:33: Core/Src/main.o] Error 1
"make -j8 all" terminated with exit code 2. Build might be incomplete.
19:20:44 **** Incremental Build of configuration Debug for project PWMTest ****
make -j8 all 
arm-none-eabi-gcc "../Core/Src/main.c" -mcpu=cortex-m7 -std=gnu11 -g3 -DUSE_HAL_DRIVER -DSTM32F767xx -DDEBUG -c -I../Core/Inc -I../Drivers/STM32F7xx_HAL_Driver/Inc -I../Drivers/STM32F7xx_HAL_Driver/Inc/Legacy -I../Drivers/CMSIS/Device/ST/STM32F7xx/Include -I../Drivers/CMSIS/Include -O0 -ffunction-sections -fdata-sections -Wall -fstack-usage -MMD -MP -MF"Core/Src/main.d" -MT"Core/Src/main.o" --specs=nano.specs -mfpu=fpv5-d16 -mfloat-abi=hard -mthumb -o "Core/Src/main.o"
../Core/Src/main.c: In function 'Timer_Init':
../Core/Src/main.c:357:4: warning: implicit declaration of function 'printf' [-Wimplicit-function-declaration]
    printf("Nothing");
    ^~~~~~
../Core/Src/main.c:357:4: warning: incompatible implicit declaration of built-in function 'printf'
../Core/Src/main.c:357:4: note: include '<stdio.h>' or provide a declaration of 'printf'
../Core/Src/main.c: In function 'PWM_Init':
../Core/Src/main.c:397:4: warning: incompatible implicit declaration of built-in function 'printf'
    printf("put in error statement here");
    ^~~~~~
../Core/Src/main.c:397:4: note: include '<stdio.h>' or provide a declaration of 'printf'
../Core/Src/main.c:415:4: warning: incompatible implicit declaration of built-in function 'printf'
    printf("Put in error statement here");
    ^~~~~~
../Core/Src/main.c:415:4: note: include '<stdio.h>' or provide a declaration of 'printf'
arm-none-eabi-gcc -o "PWMTest.elf" @"objects.list"   -mcpu=cortex-m7 -T"C:\Users\doria\OneDrive\Desktop\File System\McMaster\MacFormulaCode\stm32-mcu\PWMTest\PWMTest\STM32F767ZITX_FLASH.ld" --specs=nosys.specs -Wl,-Map="PWMTest.map" -Wl,--gc-sections -static --specs=nano.specs -mfpu=fpv5-d16 -mfloat-abi=hard -mthumb -Wl,--start-group -lc -lm -Wl,--end-group
Finished building target: PWMTest.elf
 
arm-none-eabi-objdump -h -S  PWMTest.elf  > "PWMTest.list"
arm-none-eabi-objcopy  -O binary  PWMTest.elf  "PWMTest.bin"
arm-none-eabi-size   PWMTest.elf 
   text	   data	    bss	    dec	    hex	filename
  15308	    120	   1712	  17140	   42f4	PWMTest.elf
Finished building: default.size.stdout
 
Finished building: PWMTest.bin
 
Finished building: PWMTest.list
 
19:21:21 **** Incremental Build of configuration Debug for project PWMTest ****
make -j8 all 
arm-none-eabi-gcc "../Core/Src/main.c" -mcpu=cortex-m7 -std=gnu11 -g3 -DUSE_HAL_DRIVER -DSTM32F767xx -DDEBUG -c -I../Core/Inc -I../Drivers/STM32F7xx_HAL_Driver/Inc -I../Drivers/STM32F7xx_HAL_Driver/Inc/Legacy -I../Drivers/CMSIS/Device/ST/STM32F7xx/Include -I../Drivers/CMSIS/Include -O0 -ffunction-sections -fdata-sections -Wall -fstack-usage -MMD -MP -MF"Core/Src/main.d" -MT"Core/Src/main.o" --specs=nano.specs -mfpu=fpv5-d16 -mfloat-abi=hard -mthumb -o "Core/Src/main.o"
../Core/Src/main.c: In function 'Timer_Init':
../Core/Src/main.c:357:4: warning: implicit declaration of function 'printf' [-Wimplicit-function-declaration]
    printf("Nothing");
    ^~~~~~
../Core/Src/main.c:357:4: warning: incompatible implicit declaration of built-in function 'printf'
../Core/Src/main.c:357:4: note: include '<stdio.h>' or provide a declaration of 'printf'
../Core/Src/main.c: At top level:
../Core/Src/main.c:368:5: error: conflicting types for 'Calculate_Prescalar'
 int Calculate_Prescalar(double period)
     ^~~~~~~~~~~~~~~~~~~
../Core/Src/main.c:58:5: note: previous declaration of 'Calculate_Prescalar' was here
 int Calculate_Prescalar(int period);
     ^~~~~~~~~~~~~~~~~~~
../Core/Src/main.c: In function 'PWM_Init':
../Core/Src/main.c:397:4: warning: incompatible implicit declaration of built-in function 'printf'
    printf("put in error statement here");
    ^~~~~~
../Core/Src/main.c:397:4: note: include '<stdio.h>' or provide a declaration of 'printf'
../Core/Src/main.c:415:4: warning: incompatible implicit declaration of built-in function 'printf'
    printf("Put in error statement here");
    ^~~~~~
../Core/Src/main.c:415:4: note: include '<stdio.h>' or provide a declaration of 'printf'
make: *** [Core/Src/subdir.mk:33: Core/Src/main.o] Error 1
"make -j8 all" terminated with exit code 2. Build might be incomplete.
19:21:35 **** Incremental Build of configuration Debug for project PWMTest ****
make -j8 all 
arm-none-eabi-gcc "../Core/Src/main.c" -mcpu=cortex-m7 -std=gnu11 -g3 -DUSE_HAL_DRIVER -DSTM32F767xx -DDEBUG -c -I../Core/Inc -I../Drivers/STM32F7xx_HAL_Driver/Inc -I../Drivers/STM32F7xx_HAL_Driver/Inc/Legacy -I../Drivers/CMSIS/Device/ST/STM32F7xx/Include -I../Drivers/CMSIS/Include -O0 -ffunction-sections -fdata-sections -Wall -fstack-usage -MMD -MP -MF"Core/Src/main.d" -MT"Core/Src/main.o" --specs=nano.specs -mfpu=fpv5-d16 -mfloat-abi=hard -mthumb -o "Core/Src/main.o"
../Core/Src/main.c: In function 'Timer_Init':
../Core/Src/main.c:357:4: warning: implicit declaration of function 'printf' [-Wimplicit-function-declaration]
    printf("Nothing");
    ^~~~~~
../Core/Src/main.c:357:4: warning: incompatible implicit declaration of built-in function 'printf'
../Core/Src/main.c:357:4: note: include '<stdio.h>' or provide a declaration of 'printf'
../Core/Src/main.c: In function 'PWM_Init':
../Core/Src/main.c:397:4: warning: incompatible implicit declaration of built-in function 'printf'
    printf("put in error statement here");
    ^~~~~~
../Core/Src/main.c:397:4: note: include '<stdio.h>' or provide a declaration of 'printf'
../Core/Src/main.c:415:4: warning: incompatible implicit declaration of built-in function 'printf'
    printf("Put in error statement here");
    ^~~~~~
../Core/Src/main.c:415:4: note: include '<stdio.h>' or provide a declaration of 'printf'
arm-none-eabi-gcc -o "PWMTest.elf" @"objects.list"   -mcpu=cortex-m7 -T"C:\Users\doria\OneDrive\Desktop\File System\McMaster\MacFormulaCode\stm32-mcu\PWMTest\PWMTest\STM32F767ZITX_FLASH.ld" --specs=nosys.specs -Wl,-Map="PWMTest.map" -Wl,--gc-sections -static --specs=nano.specs -mfpu=fpv5-d16 -mfloat-abi=hard -mthumb -Wl,--start-group -lc -lm -Wl,--end-group
Finished building target: PWMTest.elf
 
arm-none-eabi-objdump -h -S  PWMTest.elf  > "PWMTest.list"
arm-none-eabi-objcopy  -O binary  PWMTest.elf  "PWMTest.bin"
arm-none-eabi-size   PWMTest.elf 
   text	   data	    bss	    dec	    hex	filename
  15352	    120	   1712	  17184	   4320	PWMTest.elf
Finished building: default.size.stdout
 
Finished building: PWMTest.bin
 
Finished building: PWMTest.list
 
19:22:32 **** Incremental Build of configuration Debug for project PWMTest ****
make -j8 all 
arm-none-eabi-gcc "../Core/Src/main.c" -mcpu=cortex-m7 -std=gnu11 -g3 -DUSE_HAL_DRIVER -DSTM32F767xx -DDEBUG -c -I../Core/Inc -I../Drivers/STM32F7xx_HAL_Driver/Inc -I../Drivers/STM32F7xx_HAL_Driver/Inc/Legacy -I../Drivers/CMSIS/Device/ST/STM32F7xx/Include -I../Drivers/CMSIS/Include -O0 -ffunction-sections -fdata-sections -Wall -fstack-usage -MMD -MP -MF"Core/Src/main.d" -MT"Core/Src/main.o" --specs=nano.specs -mfpu=fpv5-d16 -mfloat-abi=hard -mthumb -o "Core/Src/main.o"
../Core/Src/main.c: In function 'Timer_Init':
../Core/Src/main.c:357:4: warning: implicit declaration of function 'printf' [-Wimplicit-function-declaration]
    printf("Nothing");
    ^~~~~~
../Core/Src/main.c:357:4: warning: incompatible implicit declaration of built-in function 'printf'
../Core/Src/main.c:357:4: note: include '<stdio.h>' or provide a declaration of 'printf'
../Core/Src/main.c: In function 'PWM_Init':
../Core/Src/main.c:397:4: warning: incompatible implicit declaration of built-in function 'printf'
    printf("put in error statement here");
    ^~~~~~
../Core/Src/main.c:397:4: note: include '<stdio.h>' or provide a declaration of 'printf'
../Core/Src/main.c:415:4: warning: incompatible implicit declaration of built-in function 'printf'
    printf("Put in error statement here");
    ^~~~~~
../Core/Src/main.c:415:4: note: include '<stdio.h>' or provide a declaration of 'printf'
arm-none-eabi-gcc -o "PWMTest.elf" @"objects.list"   -mcpu=cortex-m7 -T"C:\Users\doria\OneDrive\Desktop\File System\McMaster\MacFormulaCode\stm32-mcu\PWMTest\PWMTest\STM32F767ZITX_FLASH.ld" --specs=nosys.specs -Wl,-Map="PWMTest.map" -Wl,--gc-sections -static --specs=nano.specs -mfpu=fpv5-d16 -mfloat-abi=hard -mthumb -Wl,--start-group -lc -lm -Wl,--end-group
Finished building target: PWMTest.elf
 
arm-none-eabi-objdump -h -S  PWMTest.elf  > "PWMTest.list"
arm-none-eabi-objcopy  -O binary  PWMTest.elf  "PWMTest.bin"
arm-none-eabi-size   PWMTest.elf 
   text	   data	    bss	    dec	    hex	filename
  15384	    120	   1712	  17216	   4340	PWMTest.elf
Finished building: default.size.stdout
 
Finished building: PWMTest.bin
 
Finished building: PWMTest.list
 
19:23:12 **** Incremental Build of configuration Debug for project PWMTest ****
make -j8 all 
arm-none-eabi-gcc "../Core/Src/main.c" -mcpu=cortex-m7 -std=gnu11 -g3 -DUSE_HAL_DRIVER -DSTM32F767xx -DDEBUG -c -I../Core/Inc -I../Drivers/STM32F7xx_HAL_Driver/Inc -I../Drivers/STM32F7xx_HAL_Driver/Inc/Legacy -I../Drivers/CMSIS/Device/ST/STM32F7xx/Include -I../Drivers/CMSIS/Include -O0 -ffunction-sections -fdata-sections -Wall -fstack-usage -MMD -MP -MF"Core/Src/main.d" -MT"Core/Src/main.o" --specs=nano.specs -mfpu=fpv5-d16 -mfloat-abi=hard -mthumb -o "Core/Src/main.o"
../Core/Src/main.c: In function 'Timer_Init':
../Core/Src/main.c:357:4: warning: implicit declaration of function 'printf' [-Wimplicit-function-declaration]
    printf("Nothing");
    ^~~~~~
../Core/Src/main.c:357:4: warning: incompatible implicit declaration of built-in function 'printf'
../Core/Src/main.c:357:4: note: include '<stdio.h>' or provide a declaration of 'printf'
../Core/Src/main.c: In function 'PWM_Init':
../Core/Src/main.c:397:4: warning: incompatible implicit declaration of built-in function 'printf'
    printf("put in error statement here");
    ^~~~~~
../Core/Src/main.c:397:4: note: include '<stdio.h>' or provide a declaration of 'printf'
../Core/Src/main.c:415:4: warning: incompatible implicit declaration of built-in function 'printf'
    printf("Put in error statement here");
    ^~~~~~
../Core/Src/main.c:415:4: note: include '<stdio.h>' or provide a declaration of 'printf'
arm-none-eabi-gcc -o "PWMTest.elf" @"objects.list"   -mcpu=cortex-m7 -T"C:\Users\doria\OneDrive\Desktop\File System\McMaster\MacFormulaCode\stm32-mcu\PWMTest\PWMTest\STM32F767ZITX_FLASH.ld" --specs=nosys.specs -Wl,-Map="PWMTest.map" -Wl,--gc-sections -static --specs=nano.specs -mfpu=fpv5-d16 -mfloat-abi=hard -mthumb -Wl,--start-group -lc -lm -Wl,--end-group
Finished building target: PWMTest.elf
 
arm-none-eabi-objdump -h -S  PWMTest.elf  > "PWMTest.list"
arm-none-eabi-objcopy  -O binary  PWMTest.elf  "PWMTest.bin"
arm-none-eabi-size   PWMTest.elf 
   text	   data	    bss	    dec	    hex	filename
  15384	    120	   1712	  17216	   4340	PWMTest.elf
Finished building: default.size.stdout
 
Finished building: PWMTest.bin
 
Finished building: PWMTest.list
 
19:24:17 **** Incremental Build of configuration Debug for project PWMTest ****
make -j8 all 
arm-none-eabi-gcc "../Core/Src/main.c" -mcpu=cortex-m7 -std=gnu11 -g3 -DUSE_HAL_DRIVER -DSTM32F767xx -DDEBUG -c -I../Core/Inc -I../Drivers/STM32F7xx_HAL_Driver/Inc -I../Drivers/STM32F7xx_HAL_Driver/Inc/Legacy -I../Drivers/CMSIS/Device/ST/STM32F7xx/Include -I../Drivers/CMSIS/Include -O0 -ffunction-sections -fdata-sections -Wall -fstack-usage -MMD -MP -MF"Core/Src/main.d" -MT"Core/Src/main.o" --specs=nano.specs -mfpu=fpv5-d16 -mfloat-abi=hard -mthumb -o "Core/Src/main.o"
../Core/Src/main.c: In function 'Timer_Init':
../Core/Src/main.c:357:4: warning: implicit declaration of function 'printf' [-Wimplicit-function-declaration]
    printf("Nothing");
    ^~~~~~
../Core/Src/main.c:357:4: warning: incompatible implicit declaration of built-in function 'printf'
../Core/Src/main.c:357:4: note: include '<stdio.h>' or provide a declaration of 'printf'
../Core/Src/main.c: In function 'PWM_Init':
../Core/Src/main.c:397:4: warning: incompatible implicit declaration of built-in function 'printf'
    printf("put in error statement here");
    ^~~~~~
../Core/Src/main.c:397:4: note: include '<stdio.h>' or provide a declaration of 'printf'
../Core/Src/main.c:415:4: warning: incompatible implicit declaration of built-in function 'printf'
    printf("Put in error statement here");
    ^~~~~~
../Core/Src/main.c:415:4: note: include '<stdio.h>' or provide a declaration of 'printf'
arm-none-eabi-gcc -o "PWMTest.elf" @"objects.list"   -mcpu=cortex-m7 -T"C:\Users\doria\OneDrive\Desktop\File System\McMaster\MacFormulaCode\stm32-mcu\PWMTest\PWMTest\STM32F767ZITX_FLASH.ld" --specs=nosys.specs -Wl,-Map="PWMTest.map" -Wl,--gc-sections -static --specs=nano.specs -mfpu=fpv5-d16 -mfloat-abi=hard -mthumb -Wl,--start-group -lc -lm -Wl,--end-group
Finished building target: PWMTest.elf
 
arm-none-eabi-objdump -h -S  PWMTest.elf  > "PWMTest.list"
arm-none-eabi-objcopy  -O binary  PWMTest.elf  "PWMTest.bin"
arm-none-eabi-size   PWMTest.elf 
   text	   data	    bss	    dec	    hex	filename
  15328	    120	   1712	  17160	   4308	PWMTest.elf
Finished building: default.size.stdout
 
Finished building: PWMTest.bin
 
Finished building: PWMTest.list
 
19:25:40 **** Incremental Build of configuration Debug for project PWMTest ****
make -j8 all 
arm-none-eabi-gcc "../Core/Src/main.c" -mcpu=cortex-m7 -std=gnu11 -g3 -DUSE_HAL_DRIVER -DSTM32F767xx -DDEBUG -c -I../Core/Inc -I../Drivers/STM32F7xx_HAL_Driver/Inc -I../Drivers/STM32F7xx_HAL_Driver/Inc/Legacy -I../Drivers/CMSIS/Device/ST/STM32F7xx/Include -I../Drivers/CMSIS/Include -O0 -ffunction-sections -fdata-sections -Wall -fstack-usage -MMD -MP -MF"Core/Src/main.d" -MT"Core/Src/main.o" --specs=nano.specs -mfpu=fpv5-d16 -mfloat-abi=hard -mthumb -o "Core/Src/main.o"
../Core/Src/main.c: In function 'Timer_Init':
../Core/Src/main.c:357:4: warning: implicit declaration of function 'printf' [-Wimplicit-function-declaration]
    printf("Nothing");
    ^~~~~~
../Core/Src/main.c:357:4: warning: incompatible implicit declaration of built-in function 'printf'
../Core/Src/main.c:357:4: note: include '<stdio.h>' or provide a declaration of 'printf'
../Core/Src/main.c: In function 'PWM_Init':
../Core/Src/main.c:397:4: warning: incompatible implicit declaration of built-in function 'printf'
    printf("put in error statement here");
    ^~~~~~
../Core/Src/main.c:397:4: note: include '<stdio.h>' or provide a declaration of 'printf'
../Core/Src/main.c:415:4: warning: incompatible implicit declaration of built-in function 'printf'
    printf("Put in error statement here");
    ^~~~~~
../Core/Src/main.c:415:4: note: include '<stdio.h>' or provide a declaration of 'printf'
arm-none-eabi-gcc -o "PWMTest.elf" @"objects.list"   -mcpu=cortex-m7 -T"C:\Users\doria\OneDrive\Desktop\File System\McMaster\MacFormulaCode\stm32-mcu\PWMTest\PWMTest\STM32F767ZITX_FLASH.ld" --specs=nosys.specs -Wl,-Map="PWMTest.map" -Wl,--gc-sections -static --specs=nano.specs -mfpu=fpv5-d16 -mfloat-abi=hard -mthumb -Wl,--start-group -lc -lm -Wl,--end-group
Finished building target: PWMTest.elf
 
arm-none-eabi-objdump -h -S  PWMTest.elf  > "PWMTest.list"
arm-none-eabi-objcopy  -O binary  PWMTest.elf  "PWMTest.bin"
arm-none-eabi-size   PWMTest.elf 
   text	   data	    bss	    dec	    hex	filename
  15364	    120	   1712	  17196	   432c	PWMTest.elf
Finished building: default.size.stdout
 
Finished building: PWMTest.bin
 
Finished building: PWMTest.list
 
